<?xml version="1.0" encoding="UTF-8"?>
<!-- Generated by org.testng.reporters.JUnitReportReporter -->
<testsuite hostname="LAPTOP-OKAUG53U" failures="0" tests="1" name="Com.Ecommerce.TestCases.TC_LoginTestCases" time="123.468" errors="0" timestamp="2023-01-24T16:28:18 IST" skipped="0">
  <testcase classname="Com.Ecommerce.TestCases.TC_LoginTestCases" name="Login" time="123.468"/>
  <system-out/>
</testsuite> <!-- Com.Ecommerce.TestCases.TC_LoginTestCases -->
